
                                      ARENA Simulation Results
                                                selin

                                  Summary for Replication 1 of 1

Project: Unnamed Project                                             Run execution date : 5/20/2025
Analyst: selin                                                       Model revision date: 5/20/2025

Replication ended at time      : 149.0 Minutes 
Base Time Units: Minutes

                                           TALLY VARIABLES

Identifier                                  Average   Half Width  Minimum    Maximum   Observations
___________________________________________________________________________________________________

ekmek_hamuru.VATime                         39.821     (Insuf)    21.805     57.837          2    
ekmek_hamuru.NVATime                        .00000     (Insuf)    .00000     .00000          2    
ekmek_hamuru.WaitTime                       80.294     (Insuf)    49.807     110.78          2    
ekmek_hamuru.TranTime                       .00000     (Insuf)    .00000     .00000          2    
ekmek_hamuru.OtherTime                      .00000     (Insuf)    .00000     .00000          2    
ekmek_hamuru.TotalTime                      120.11     (Insuf)    107.64     132.58          2    
simit_hamuru.VATime                         53.147     (Insuf)    40.038     66.255          2    
simit_hamuru.NVATime                        .00000     (Insuf)    .00000     .00000          2    
simit_hamuru.WaitTime                       43.791     (Insuf)    .00000     87.582          2    
simit_hamuru.TranTime                       .00000     (Insuf)    .00000     .00000          2    
simit_hamuru.OtherTime                      .00000     (Insuf)    .00000     .00000          2    
simit_hamuru.TotalTime                      96.938     (Insuf)    66.255     127.62          2    
Process 5.Queue.WaitingTime                 .00000     (Insuf)    .00000     .00000         10    
Process 4.Queue.WaitingTime                 1.9460     (Insuf)    .00000     10.064         13    
Process 2.Queue.WaitingTime                 22.468     (Insuf)    .00000     51.444         25    
Process 6.Queue.WaitingTime                 64.622     (Insuf)    .00000     98.070          5    
Process 1.Queue.WaitingTime                 9.6761     (Insuf)    .00000     35.337         32    
Process 3.Queue.WaitingTime                 .72342     (Insuf)    .00000     5.2159         14    

                                     DISCRETE-CHANGE VARIABLES

Identifier                                  Average   Half Width  Minimum    Maximum   Final Value
___________________________________________________________________________________________________

ekmek_hamuru.WIP                            8.4129     (Insuf)    .00000     14.000     14.000    
simit_hamuru.WIP                            10.754     (Insuf)    .00000     19.000     19.000    
firinlama_mak.NumberBusy                    .97180     (Insuf)    .00000     1.0000     1.0000    
firinlama_mak.NumberScheduled               1.0000     (Insuf)    1.0000     1.0000     1.0000    
firinlama_mak.Utilization                   .97180     (Insuf)    .00000     1.0000     1.0000    
mayalama_mak.NumberBusy                     .98793     (Insuf)    .00000     1.0000     1.0000    
mayalama_mak.NumberScheduled                1.0000     (Insuf)    1.0000     1.0000     1.0000    
mayalama_mak.Utilization                    .98793     (Insuf)    .00000     1.0000     1.0000    
susamlama_mak.NumberBusy                    .29551     (Insuf)    .00000     1.0000     1.0000    
susamlama_mak.NumberScheduled               1.0000     (Insuf)    1.0000     1.0000     1.0000    
susamlama_mak.Utilization                   .29551     (Insuf)    .00000     1.0000     1.0000    
yogurma_mak.NumberBusy                      .96560     (Insuf)    .00000     1.0000     1.0000    
yogurma_mak.NumberScheduled                 1.0000     (Insuf)    1.0000     1.0000     1.0000    
yogurma_mak.Utilization                     .96560     (Insuf)    .00000     1.0000     1.0000    
yuvarlama_mak.NumberBusy                    .24427     (Insuf)    .00000     1.0000     .00000    
yuvarlama_mak.NumberScheduled               1.0000     (Insuf)    1.0000     1.0000     1.0000    
yuvarlama_mak.Utilization                   .24427     (Insuf)    .00000     1.0000     .00000    
kabartma_mak.NumberBusy                     .12337     (Insuf)    .00000     1.0000     .00000    
kabartma_mak.NumberScheduled                1.0000     (Insuf)    1.0000     1.0000     1.0000    
kabartma_mak.Utilization                    .12337     (Insuf)    .00000     1.0000     .00000    
Process 5.Queue.NumberInQueue               .00000     (Insuf)    .00000     .00000     .00000    
Process 4.Queue.NumberInQueue               .19840     (Insuf)    .00000     3.0000     1.0000    
Process 2.Queue.NumberInQueue               4.3356     (Insuf)    .00000     7.0000     6.0000    
Process 6.Queue.NumberInQueue               8.6763     (Insuf)    .00000     17.000     17.000    
Process 1.Queue.NumberInQueue               2.3002     (Insuf)    .00000     7.0000     5.0000    
Process 3.Queue.NumberInQueue               .06797     (Insuf)    .00000     1.0000     .00000    

                                             OUTPUTS

Identifier                                   Value
_____________________________________________________________

ekmek_hamuru.NumberIn                       16.000    
ekmek_hamuru.NumberOut                      2.0000    
simit_hamuru.NumberIn                       21.000    
simit_hamuru.NumberOut                      2.0000    
firinlama_mak.NumberSeized                  5.0000    
firinlama_mak.ScheduledUtilization          .97180    
mayalama_mak.NumberSeized                   25.000    
mayalama_mak.ScheduledUtilization           .98793    
susamlama_mak.NumberSeized                  13.000    
susamlama_mak.ScheduledUtilization          .29551    
yogurma_mak.NumberSeized                    32.000    
yogurma_mak.ScheduledUtilization            .96560    
yuvarlama_mak.NumberSeized                  14.000    
yuvarlama_mak.ScheduledUtilization          .24427    
kabartma_mak.NumberSeized                   10.000    
kabartma_mak.ScheduledUtilization           .12337    
System.NumberOut                            4.0000    


Simulation run time: 0.02 minutes.
Simulation run complete.
